2019-08-19 15:23:13.579  INFO 4684 --- [main] org.taru.lanqiao.mmmm.MmmmApplication    : Starting MmmmApplication on PC-20181007MENA with PID 4684 (C:\Users\Administrator\IdeaProjects\mmmm\target\classes started by Administrator in C:\Users\Administrator\IdeaProjects\mmmm)
2019-08-19 15:23:13.586  INFO 4684 --- [main] org.taru.lanqiao.mmmm.MmmmApplication    : The following profiles are active: prod
2019-08-19 15:23:14.597  INFO 4684 --- [main] .s.d.r.c.RepositoryConfigurationDelegate : Multiple Spring Data modules found, entering strict repository configuration mode!
2019-08-19 15:23:14.602  INFO 4684 --- [main] .s.d.r.c.RepositoryConfigurationDelegate : Bootstrapping Spring Data repositories in DEFAULT mode.
2019-08-19 15:23:14.633  INFO 4684 --- [main] .s.d.r.c.RepositoryConfigurationDelegate : Finished Spring Data repository scanning in 11ms. Found 0 repository interfaces.
2019-08-19 15:23:14.989  INFO 4684 --- [main] trationDelegate$BeanPostProcessorChecker : Bean 'org.springframework.transaction.annotation.ProxyTransactionManagementConfiguration' of type [org.springframework.transaction.annotation.ProxyTransactionManagementConfiguration$$EnhancerBySpringCGLIB$$b744f45] is not eligible for getting processed by all BeanPostProcessors (for example: not eligible for auto-proxying)
2019-08-19 15:23:15.425  INFO 4684 --- [main] o.s.b.w.embedded.tomcat.TomcatWebServer  : Tomcat initialized with port(s): 80 (http)
2019-08-19 15:23:15.454  INFO 4684 --- [main] o.apache.catalina.core.StandardService   : Starting service [Tomcat]
2019-08-19 15:23:15.454  INFO 4684 --- [main] org.apache.catalina.core.StandardEngine  : Starting Servlet engine: [Apache Tomcat/9.0.22]
2019-08-19 15:23:15.767  INFO 4684 --- [main] o.a.c.c.C.[Tomcat].[localhost].[/]       : Initializing Spring embedded WebApplicationContext
2019-08-19 15:23:15.769  INFO 4684 --- [main] o.s.web.context.ContextLoader            : Root WebApplicationContext: initialization completed in 2130 ms
2019-08-19 15:23:16.712  INFO 4684 --- [main] o.s.s.concurrent.ThreadPoolTaskExecutor  : Initializing ExecutorService 'applicationTaskExecutor'
2019-08-19 15:23:16.839  WARN 4684 --- [main] ion$DefaultTemplateResolverConfiguration : Cannot find template location: classpath:/templates/ (please add some templates or check your Thymeleaf configuration)
2019-08-19 15:23:17.233  INFO 4684 --- [main] o.s.b.w.embedded.tomcat.TomcatWebServer  : Tomcat started on port(s): 80 (http) with context path ''
2019-08-19 15:23:17.243  INFO 4684 --- [main] org.taru.lanqiao.mmmm.MmmmApplication    : Started MmmmApplication in 4.105 seconds (JVM running for 5.348)
2019-08-19 15:23:56.257  INFO 4684 --- [http-nio-80-exec-2] o.a.c.c.C.[Tomcat].[localhost].[/]       : Initializing Spring DispatcherServlet 'dispatcherServlet'
2019-08-19 15:23:56.257  INFO 4684 --- [http-nio-80-exec-2] o.s.web.servlet.DispatcherServlet        : Initializing Servlet 'dispatcherServlet'
2019-08-19 15:23:56.266  INFO 4684 --- [http-nio-80-exec-2] o.s.web.servlet.DispatcherServlet        : Completed initialization in 9 ms
2019-08-19 15:23:56.349  INFO 4684 --- [http-nio-80-exec-2] com.zaxxer.hikari.HikariDataSource       : HikariPool-1 - Starting...
2019-08-19 15:23:56.594  INFO 4684 --- [http-nio-80-exec-2] com.zaxxer.hikari.HikariDataSource       : HikariPool-1 - Start completed.
2019-08-19 15:23:56.630  INFO 4684 --- [http-nio-80-exec-2] org.taru.lanqiao.mmmm.api.userApi        : [null]登录成功
2019-08-19 15:24:14.042  INFO 4684 --- [http-nio-80-exec-6] org.taru.lanqiao.mmmm.api.userApi        : [null]登录成功
